I, [2014-08-04T14:04:45.882054 #24967]  INFO -- : Started GET "/" for 10.120.4.221 at 2014-08-04 14:04:45 +0200
I, [2014-08-04T14:04:45.887664 #24967]  INFO -- : Processing by TimetracksController#index as HTML
I, [2014-08-04T14:04:45.895895 #24967]  INFO -- : Completed 401 Unauthorized in 8ms
I, [2014-08-04T14:04:45.912889 #24967]  INFO -- : Started GET "/users/sign_in" for 10.120.4.221 at 2014-08-04 14:04:45 +0200
I, [2014-08-04T14:04:45.914393 #24967]  INFO -- : Processing by Devise::SessionsController#new as HTML
I, [2014-08-04T14:04:45.950323 #24967]  INFO -- :   Rendered devise/sessions/new.html.haml within layouts/application (28.7ms)
I, [2014-08-04T14:04:45.952976 #24967]  INFO -- : Completed 200 OK in 38ms (Views: 33.0ms | ActiveRecord: 0.1ms)
I, [2014-08-04T14:04:45.981838 #24967]  INFO -- : Started GET "/assets/application-e14e626506d80eebf2e8855af9eca35b.css" for 10.120.4.221 at 2014-08-04 14:04:45 +0200
F, [2014-08-04T14:04:45.982699 #24967] FATAL -- : 
ActionController::RoutingError (No route matches [GET] "/assets/application-e14e626506d80eebf2e8855af9eca35b.css"):
  actionpack (4.1.4) lib/action_dispatch/middleware/debug_exceptions.rb:21:in `call'
  actionpack (4.1.4) lib/action_dispatch/middleware/show_exceptions.rb:30:in `call'
  railties (4.1.4) lib/rails/rack/logger.rb:38:in `call_app'
  railties (4.1.4) lib/rails/rack/logger.rb:20:in `block in call'
  activesupport (4.1.4) lib/active_support/tagged_logging.rb:68:in `block in tagged'
  activesupport (4.1.4) lib/active_support/tagged_logging.rb:26:in `tagged'
  activesupport (4.1.4) lib/active_support/tagged_logging.rb:68:in `tagged'
  railties (4.1.4) lib/rails/rack/logger.rb:20:in `call'
  actionpack (4.1.4) lib/action_dispatch/middleware/request_id.rb:21:in `call'
  rack (1.5.2) lib/rack/methodoverride.rb:21:in `call'
  rack (1.5.2) lib/rack/runtime.rb:17:in `call'
  activesupport (4.1.4) lib/active_support/cache/strategy/local_cache_middleware.rb:26:in `call'
  rack (1.5.2) lib/rack/sendfile.rb:112:in `call'
  railties (4.1.4) lib/rails/engine.rb:514:in `call'
  railties (4.1.4) lib/rails/application.rb:144:in `call'
  rack (1.5.2) lib/rack/content_length.rb:14:in `call'
  puma (2.9.0) lib/puma/server.rb:490:in `handle_request'
  puma (2.9.0) lib/puma/server.rb:361:in `process_client'
  puma (2.9.0) lib/puma/server.rb:254:in `block in run'
  puma (2.9.0) lib/puma/thread_pool.rb:92:in `call'
  puma (2.9.0) lib/puma/thread_pool.rb:92:in `block in spawn_thread'


I, [2014-08-04T14:04:45.983232 #24967]  INFO -- : Started GET "/assets/application-5b47b843163902eb7853301d19fbb736.js" for 10.120.4.221 at 2014-08-04 14:04:45 +0200
F, [2014-08-04T14:04:45.983849 #24967] FATAL -- : 
ActionController::RoutingError (No route matches [GET] "/assets/application-5b47b843163902eb7853301d19fbb736.js"):
  actionpack (4.1.4) lib/action_dispatch/middleware/debug_exceptions.rb:21:in `call'
  actionpack (4.1.4) lib/action_dispatch/middleware/show_exceptions.rb:30:in `call'
  railties (4.1.4) lib/rails/rack/logger.rb:38:in `call_app'
  railties (4.1.4) lib/rails/rack/logger.rb:20:in `block in call'
  activesupport (4.1.4) lib/active_support/tagged_logging.rb:68:in `block in tagged'
  activesupport (4.1.4) lib/active_support/tagged_logging.rb:26:in `tagged'
  activesupport (4.1.4) lib/active_support/tagged_logging.rb:68:in `tagged'
  railties (4.1.4) lib/rails/rack/logger.rb:20:in `call'
  actionpack (4.1.4) lib/action_dispatch/middleware/request_id.rb:21:in `call'
  rack (1.5.2) lib/rack/methodoverride.rb:21:in `call'
  rack (1.5.2) lib/rack/runtime.rb:17:in `call'
  activesupport (4.1.4) lib/active_support/cache/strategy/local_cache_middleware.rb:26:in `call'
  rack (1.5.2) lib/rack/sendfile.rb:112:in `call'
  railties (4.1.4) lib/rails/engine.rb:514:in `call'
  railties (4.1.4) lib/rails/application.rb:144:in `call'
  rack (1.5.2) lib/rack/content_length.rb:14:in `call'
  puma (2.9.0) lib/puma/server.rb:490:in `handle_request'
  puma (2.9.0) lib/puma/server.rb:361:in `process_client'
  puma (2.9.0) lib/puma/server.rb:254:in `block in run'
  puma (2.9.0) lib/puma/thread_pool.rb:92:in `call'
  puma (2.9.0) lib/puma/thread_pool.rb:92:in `block in spawn_thread'


I, [2014-08-04T14:05:09.773933 #25051]  INFO -- : Started GET "/users/sign_in" for 10.120.4.221 at 2014-08-04 14:05:09 +0200
I, [2014-08-04T14:05:09.779821 #25051]  INFO -- : Processing by Devise::SessionsController#new as HTML
I, [2014-08-04T14:05:09.796836 #25051]  INFO -- :   Rendered devise/sessions/new.html.haml within layouts/application (3.2ms)
I, [2014-08-04T14:05:09.799330 #25051]  INFO -- : Completed 200 OK in 19ms (Views: 7.2ms | ActiveRecord: 0.5ms)
I, [2014-08-04T14:05:09.831999 #25051]  INFO -- : Started GET "/assets/application-e14e626506d80eebf2e8855af9eca35b.css" for 10.120.4.221 at 2014-08-04 14:05:09 +0200
F, [2014-08-04T14:05:09.832823 #25051] FATAL -- : 
ActionController::RoutingError (No route matches [GET] "/assets/application-e14e626506d80eebf2e8855af9eca35b.css"):
  actionpack (4.1.4) lib/action_dispatch/middleware/debug_exceptions.rb:21:in `call'
  actionpack (4.1.4) lib/action_dispatch/middleware/show_exceptions.rb:30:in `call'
  railties (4.1.4) lib/rails/rack/logger.rb:38:in `call_app'
  railties (4.1.4) lib/rails/rack/logger.rb:20:in `block in call'
  activesupport (4.1.4) lib/active_support/tagged_logging.rb:68:in `block in tagged'
  activesupport (4.1.4) lib/active_support/tagged_logging.rb:26:in `tagged'
  activesupport (4.1.4) lib/active_support/tagged_logging.rb:68:in `tagged'
  railties (4.1.4) lib/rails/rack/logger.rb:20:in `call'
  actionpack (4.1.4) lib/action_dispatch/middleware/request_id.rb:21:in `call'
  rack (1.5.2) lib/rack/methodoverride.rb:21:in `call'
  rack (1.5.2) lib/rack/runtime.rb:17:in `call'
  activesupport (4.1.4) lib/active_support/cache/strategy/local_cache_middleware.rb:26:in `call'
  rack (1.5.2) lib/rack/sendfile.rb:112:in `call'
  railties (4.1.4) lib/rails/engine.rb:514:in `call'
  railties (4.1.4) lib/rails/application.rb:144:in `call'
  rack (1.5.2) lib/rack/content_length.rb:14:in `call'
  puma (2.9.0) lib/puma/server.rb:490:in `handle_request'
  puma (2.9.0) lib/puma/server.rb:361:in `process_client'
  puma (2.9.0) lib/puma/server.rb:254:in `block in run'
  puma (2.9.0) lib/puma/thread_pool.rb:92:in `call'
  puma (2.9.0) lib/puma/thread_pool.rb:92:in `block in spawn_thread'


I, [2014-08-04T14:05:09.833474 #25051]  INFO -- : Started GET "/assets/application-5b47b843163902eb7853301d19fbb736.js" for 10.120.4.221 at 2014-08-04 14:05:09 +0200
F, [2014-08-04T14:05:09.834086 #25051] FATAL -- : 
ActionController::RoutingError (No route matches [GET] "/assets/application-5b47b843163902eb7853301d19fbb736.js"):
  actionpack (4.1.4) lib/action_dispatch/middleware/debug_exceptions.rb:21:in `call'
  actionpack (4.1.4) lib/action_dispatch/middleware/show_exceptions.rb:30:in `call'
  railties (4.1.4) lib/rails/rack/logger.rb:38:in `call_app'
  railties (4.1.4) lib/rails/rack/logger.rb:20:in `block in call'
  activesupport (4.1.4) lib/active_support/tagged_logging.rb:68:in `block in tagged'
  activesupport (4.1.4) lib/active_support/tagged_logging.rb:26:in `tagged'
  activesupport (4.1.4) lib/active_support/tagged_logging.rb:68:in `tagged'
  railties (4.1.4) lib/rails/rack/logger.rb:20:in `call'
  actionpack (4.1.4) lib/action_dispatch/middleware/request_id.rb:21:in `call'
  rack (1.5.2) lib/rack/methodoverride.rb:21:in `call'
  rack (1.5.2) lib/rack/runtime.rb:17:in `call'
  activesupport (4.1.4) lib/active_support/cache/strategy/local_cache_middleware.rb:26:in `call'
  rack (1.5.2) lib/rack/sendfile.rb:112:in `call'
  railties (4.1.4) lib/rails/engine.rb:514:in `call'
  railties (4.1.4) lib/rails/application.rb:144:in `call'
  rack (1.5.2) lib/rack/content_length.rb:14:in `call'
  puma (2.9.0) lib/puma/server.rb:490:in `handle_request'
  puma (2.9.0) lib/puma/server.rb:361:in `process_client'
  puma (2.9.0) lib/puma/server.rb:254:in `block in run'
  puma (2.9.0) lib/puma/thread_pool.rb:92:in `call'
  puma (2.9.0) lib/puma/thread_pool.rb:92:in `block in spawn_thread'


I, [2014-08-04T14:05:55.930633 #25136]  INFO -- : Started GET "/users/sign_in" for 10.120.4.221 at 2014-08-04 14:05:55 +0200
I, [2014-08-04T14:05:55.936365 #25136]  INFO -- : Processing by Devise::SessionsController#new as HTML
I, [2014-08-04T14:05:55.952702 #25136]  INFO -- :   Rendered devise/sessions/new.html.haml within layouts/application (3.1ms)
I, [2014-08-04T14:05:55.955352 #25136]  INFO -- : Completed 200 OK in 19ms (Views: 7.2ms | ActiveRecord: 0.5ms)
I, [2014-08-04T14:05:55.989486 #25136]  INFO -- : Started GET "/assets/application-e14e626506d80eebf2e8855af9eca35b.css" for 10.120.4.221 at 2014-08-04 14:05:55 +0200
F, [2014-08-04T14:05:55.990589 #25136] FATAL -- : 
ActionController::RoutingError (No route matches [GET] "/assets/application-e14e626506d80eebf2e8855af9eca35b.css"):
  actionpack (4.1.4) lib/action_dispatch/middleware/debug_exceptions.rb:21:in `call'
  actionpack (4.1.4) lib/action_dispatch/middleware/show_exceptions.rb:30:in `call'
  railties (4.1.4) lib/rails/rack/logger.rb:38:in `call_app'
  railties (4.1.4) lib/rails/rack/logger.rb:20:in `block in call'
  activesupport (4.1.4) lib/active_support/tagged_logging.rb:68:in `block in tagged'
  activesupport (4.1.4) lib/active_support/tagged_logging.rb:26:in `tagged'
  activesupport (4.1.4) lib/active_support/tagged_logging.rb:68:in `tagged'
  railties (4.1.4) lib/rails/rack/logger.rb:20:in `call'
  actionpack (4.1.4) lib/action_dispatch/middleware/request_id.rb:21:in `call'
  rack (1.5.2) lib/rack/methodoverride.rb:21:in `call'
  rack (1.5.2) lib/rack/runtime.rb:17:in `call'
  activesupport (4.1.4) lib/active_support/cache/strategy/local_cache_middleware.rb:26:in `call'
  rack (1.5.2) lib/rack/sendfile.rb:112:in `call'
  railties (4.1.4) lib/rails/engine.rb:514:in `call'
  railties (4.1.4) lib/rails/application.rb:144:in `call'
  rack (1.5.2) lib/rack/content_length.rb:14:in `call'
  puma (2.9.0) lib/puma/server.rb:490:in `handle_request'
  puma (2.9.0) lib/puma/server.rb:361:in `process_client'
  puma (2.9.0) lib/puma/server.rb:254:in `block in run'
  puma (2.9.0) lib/puma/thread_pool.rb:92:in `call'
  puma (2.9.0) lib/puma/thread_pool.rb:92:in `block in spawn_thread'


I, [2014-08-04T14:05:55.990723 #25136]  INFO -- : Started GET "/assets/application-5b47b843163902eb7853301d19fbb736.js" for 10.120.4.221 at 2014-08-04 14:05:55 +0200
F, [2014-08-04T14:05:55.991557 #25136] FATAL -- : 
ActionController::RoutingError (No route matches [GET] "/assets/application-5b47b843163902eb7853301d19fbb736.js"):
  actionpack (4.1.4) lib/action_dispatch/middleware/debug_exceptions.rb:21:in `call'
  actionpack (4.1.4) lib/action_dispatch/middleware/show_exceptions.rb:30:in `call'
  railties (4.1.4) lib/rails/rack/logger.rb:38:in `call_app'
  railties (4.1.4) lib/rails/rack/logger.rb:20:in `block in call'
  activesupport (4.1.4) lib/active_support/tagged_logging.rb:68:in `block in tagged'
  activesupport (4.1.4) lib/active_support/tagged_logging.rb:26:in `tagged'
  activesupport (4.1.4) lib/active_support/tagged_logging.rb:68:in `tagged'
  railties (4.1.4) lib/rails/rack/logger.rb:20:in `call'
  actionpack (4.1.4) lib/action_dispatch/middleware/request_id.rb:21:in `call'
  rack (1.5.2) lib/rack/methodoverride.rb:21:in `call'
  rack (1.5.2) lib/rack/runtime.rb:17:in `call'
  activesupport (4.1.4) lib/active_support/cache/strategy/local_cache_middleware.rb:26:in `call'
  rack (1.5.2) lib/rack/sendfile.rb:112:in `call'
  railties (4.1.4) lib/rails/engine.rb:514:in `call'
  railties (4.1.4) lib/rails/application.rb:144:in `call'
  rack (1.5.2) lib/rack/content_length.rb:14:in `call'
  puma (2.9.0) lib/puma/server.rb:490:in `handle_request'
  puma (2.9.0) lib/puma/server.rb:361:in `process_client'
  puma (2.9.0) lib/puma/server.rb:254:in `block in run'
  puma (2.9.0) lib/puma/thread_pool.rb:92:in `call'
  puma (2.9.0) lib/puma/thread_pool.rb:92:in `block in spawn_thread'


I, [2014-08-04T14:05:57.026913 #25136]  INFO -- : Started GET "/users/sign_in" for 10.120.4.221 at 2014-08-04 14:05:57 +0200
I, [2014-08-04T14:05:57.027902 #25136]  INFO -- : Processing by Devise::SessionsController#new as HTML
I, [2014-08-04T14:05:57.030797 #25136]  INFO -- :   Rendered devise/sessions/new.html.haml within layouts/application (1.4ms)
I, [2014-08-04T14:05:57.031620 #25136]  INFO -- : Completed 200 OK in 4ms (Views: 2.5ms | ActiveRecord: 0.0ms)
I, [2014-08-04T14:05:57.062471 #25136]  INFO -- : Started GET "/assets/application-e14e626506d80eebf2e8855af9eca35b.css" for 10.120.4.221 at 2014-08-04 14:05:57 +0200
F, [2014-08-04T14:05:57.063385 #25136] FATAL -- : 
ActionController::RoutingError (No route matches [GET] "/assets/application-e14e626506d80eebf2e8855af9eca35b.css"):
  actionpack (4.1.4) lib/action_dispatch/middleware/debug_exceptions.rb:21:in `call'
  actionpack (4.1.4) lib/action_dispatch/middleware/show_exceptions.rb:30:in `call'
  railties (4.1.4) lib/rails/rack/logger.rb:38:in `call_app'
  railties (4.1.4) lib/rails/rack/logger.rb:20:in `block in call'
  activesupport (4.1.4) lib/active_support/tagged_logging.rb:68:in `block in tagged'
  activesupport (4.1.4) lib/active_support/tagged_logging.rb:26:in `tagged'
  activesupport (4.1.4) lib/active_support/tagged_logging.rb:68:in `tagged'
  railties (4.1.4) lib/rails/rack/logger.rb:20:in `call'
  actionpack (4.1.4) lib/action_dispatch/middleware/request_id.rb:21:in `call'
  rack (1.5.2) lib/rack/methodoverride.rb:21:in `call'
  rack (1.5.2) lib/rack/runtime.rb:17:in `call'
  activesupport (4.1.4) lib/active_support/cache/strategy/local_cache_middleware.rb:26:in `call'
  rack (1.5.2) lib/rack/sendfile.rb:112:in `call'
  railties (4.1.4) lib/rails/engine.rb:514:in `call'
  railties (4.1.4) lib/rails/application.rb:144:in `call'
  rack (1.5.2) lib/rack/content_length.rb:14:in `call'
  puma (2.9.0) lib/puma/server.rb:490:in `handle_request'
  puma (2.9.0) lib/puma/server.rb:361:in `process_client'
  puma (2.9.0) lib/puma/server.rb:254:in `block in run'
  puma (2.9.0) lib/puma/thread_pool.rb:92:in `call'
  puma (2.9.0) lib/puma/thread_pool.rb:92:in `block in spawn_thread'


I, [2014-08-04T14:05:57.090873 #25136]  INFO -- : Started GET "/assets/application-5b47b843163902eb7853301d19fbb736.js" for 10.120.4.221 at 2014-08-04 14:05:57 +0200
F, [2014-08-04T14:05:57.091853 #25136] FATAL -- : 
ActionController::RoutingError (No route matches [GET] "/assets/application-5b47b843163902eb7853301d19fbb736.js"):
  actionpack (4.1.4) lib/action_dispatch/middleware/debug_exceptions.rb:21:in `call'
  actionpack (4.1.4) lib/action_dispatch/middleware/show_exceptions.rb:30:in `call'
  railties (4.1.4) lib/rails/rack/logger.rb:38:in `call_app'
  railties (4.1.4) lib/rails/rack/logger.rb:20:in `block in call'
  activesupport (4.1.4) lib/active_support/tagged_logging.rb:68:in `block in tagged'
  activesupport (4.1.4) lib/active_support/tagged_logging.rb:26:in `tagged'
  activesupport (4.1.4) lib/active_support/tagged_logging.rb:68:in `tagged'
  railties (4.1.4) lib/rails/rack/logger.rb:20:in `call'
  actionpack (4.1.4) lib/action_dispatch/middleware/request_id.rb:21:in `call'
  rack (1.5.2) lib/rack/methodoverride.rb:21:in `call'
  rack (1.5.2) lib/rack/runtime.rb:17:in `call'
  activesupport (4.1.4) lib/active_support/cache/strategy/local_cache_middleware.rb:26:in `call'
  rack (1.5.2) lib/rack/sendfile.rb:112:in `call'
  railties (4.1.4) lib/rails/engine.rb:514:in `call'
  railties (4.1.4) lib/rails/application.rb:144:in `call'
  rack (1.5.2) lib/rack/content_length.rb:14:in `call'
  puma (2.9.0) lib/puma/server.rb:490:in `handle_request'
  puma (2.9.0) lib/puma/server.rb:361:in `process_client'
  puma (2.9.0) lib/puma/server.rb:254:in `block in run'
  puma (2.9.0) lib/puma/thread_pool.rb:92:in `call'
  puma (2.9.0) lib/puma/thread_pool.rb:92:in `block in spawn_thread'


I, [2014-08-04T14:05:57.858768 #25136]  INFO -- : Started GET "/users/sign_in" for 10.120.4.221 at 2014-08-04 14:05:57 +0200
I, [2014-08-04T14:05:57.859906 #25136]  INFO -- : Processing by Devise::SessionsController#new as HTML
I, [2014-08-04T14:05:57.863255 #25136]  INFO -- :   Rendered devise/sessions/new.html.haml within layouts/application (1.6ms)
I, [2014-08-04T14:05:57.864183 #25136]  INFO -- : Completed 200 OK in 4ms (Views: 2.9ms | ActiveRecord: 0.0ms)
I, [2014-08-04T14:05:57.899704 #25136]  INFO -- : Started GET "/assets/application-e14e626506d80eebf2e8855af9eca35b.css" for 10.120.4.221 at 2014-08-04 14:05:57 +0200
F, [2014-08-04T14:05:57.900709 #25136] FATAL -- : 
ActionController::RoutingError (No route matches [GET] "/assets/application-e14e626506d80eebf2e8855af9eca35b.css"):
  actionpack (4.1.4) lib/action_dispatch/middleware/debug_exceptions.rb:21:in `call'
  actionpack (4.1.4) lib/action_dispatch/middleware/show_exceptions.rb:30:in `call'
  railties (4.1.4) lib/rails/rack/logger.rb:38:in `call_app'
  railties (4.1.4) lib/rails/rack/logger.rb:20:in `block in call'
  activesupport (4.1.4) lib/active_support/tagged_logging.rb:68:in `block in tagged'
  activesupport (4.1.4) lib/active_support/tagged_logging.rb:26:in `tagged'
  activesupport (4.1.4) lib/active_support/tagged_logging.rb:68:in `tagged'
  railties (4.1.4) lib/rails/rack/logger.rb:20:in `call'
  actionpack (4.1.4) lib/action_dispatch/middleware/request_id.rb:21:in `call'
  rack (1.5.2) lib/rack/methodoverride.rb:21:in `call'
  rack (1.5.2) lib/rack/runtime.rb:17:in `call'
  activesupport (4.1.4) lib/active_support/cache/strategy/local_cache_middleware.rb:26:in `call'
  rack (1.5.2) lib/rack/sendfile.rb:112:in `call'
  railties (4.1.4) lib/rails/engine.rb:514:in `call'
  railties (4.1.4) lib/rails/application.rb:144:in `call'
  rack (1.5.2) lib/rack/content_length.rb:14:in `call'
  puma (2.9.0) lib/puma/server.rb:490:in `handle_request'
  puma (2.9.0) lib/puma/server.rb:361:in `process_client'
  puma (2.9.0) lib/puma/server.rb:254:in `block in run'
  puma (2.9.0) lib/puma/thread_pool.rb:92:in `call'
  puma (2.9.0) lib/puma/thread_pool.rb:92:in `block in spawn_thread'


I, [2014-08-04T14:05:57.901325 #25136]  INFO -- : Started GET "/assets/application-5b47b843163902eb7853301d19fbb736.js" for 10.120.4.221 at 2014-08-04 14:05:57 +0200
F, [2014-08-04T14:05:57.901952 #25136] FATAL -- : 
ActionController::RoutingError (No route matches [GET] "/assets/application-5b47b843163902eb7853301d19fbb736.js"):
  actionpack (4.1.4) lib/action_dispatch/middleware/debug_exceptions.rb:21:in `call'
  actionpack (4.1.4) lib/action_dispatch/middleware/show_exceptions.rb:30:in `call'
  railties (4.1.4) lib/rails/rack/logger.rb:38:in `call_app'
  railties (4.1.4) lib/rails/rack/logger.rb:20:in `block in call'
  activesupport (4.1.4) lib/active_support/tagged_logging.rb:68:in `block in tagged'
  activesupport (4.1.4) lib/active_support/tagged_logging.rb:26:in `tagged'
  activesupport (4.1.4) lib/active_support/tagged_logging.rb:68:in `tagged'
  railties (4.1.4) lib/rails/rack/logger.rb:20:in `call'
  actionpack (4.1.4) lib/action_dispatch/middleware/request_id.rb:21:in `call'
  rack (1.5.2) lib/rack/methodoverride.rb:21:in `call'
  rack (1.5.2) lib/rack/runtime.rb:17:in `call'
  activesupport (4.1.4) lib/active_support/cache/strategy/local_cache_middleware.rb:26:in `call'
  rack (1.5.2) lib/rack/sendfile.rb:112:in `call'
  railties (4.1.4) lib/rails/engine.rb:514:in `call'
  railties (4.1.4) lib/rails/application.rb:144:in `call'
  rack (1.5.2) lib/rack/content_length.rb:14:in `call'
  puma (2.9.0) lib/puma/server.rb:490:in `handle_request'
  puma (2.9.0) lib/puma/server.rb:361:in `process_client'
  puma (2.9.0) lib/puma/server.rb:254:in `block in run'
  puma (2.9.0) lib/puma/thread_pool.rb:92:in `call'
  puma (2.9.0) lib/puma/thread_pool.rb:92:in `block in spawn_thread'


I, [2014-08-04T14:05:58.324160 #25136]  INFO -- : Started GET "/users/sign_in" for 10.120.4.221 at 2014-08-04 14:05:58 +0200
I, [2014-08-04T14:05:58.325066 #25136]  INFO -- : Processing by Devise::SessionsController#new as HTML
I, [2014-08-04T14:05:58.327787 #25136]  INFO -- :   Rendered devise/sessions/new.html.haml within layouts/application (1.3ms)
I, [2014-08-04T14:05:58.328592 #25136]  INFO -- : Completed 200 OK in 3ms (Views: 2.5ms | ActiveRecord: 0.0ms)
I, [2014-08-04T14:05:58.360924 #25136]  INFO -- : Started GET "/assets/application-e14e626506d80eebf2e8855af9eca35b.css" for 10.120.4.221 at 2014-08-04 14:05:58 +0200
F, [2014-08-04T14:05:58.361853 #25136] FATAL -- : 
ActionController::RoutingError (No route matches [GET] "/assets/application-e14e626506d80eebf2e8855af9eca35b.css"):
  actionpack (4.1.4) lib/action_dispatch/middleware/debug_exceptions.rb:21:in `call'
  actionpack (4.1.4) lib/action_dispatch/middleware/show_exceptions.rb:30:in `call'
  railties (4.1.4) lib/rails/rack/logger.rb:38:in `call_app'
  railties (4.1.4) lib/rails/rack/logger.rb:20:in `block in call'
  activesupport (4.1.4) lib/active_support/tagged_logging.rb:68:in `block in tagged'
  activesupport (4.1.4) lib/active_support/tagged_logging.rb:26:in `tagged'
  activesupport (4.1.4) lib/active_support/tagged_logging.rb:68:in `tagged'
  railties (4.1.4) lib/rails/rack/logger.rb:20:in `call'
  actionpack (4.1.4) lib/action_dispatch/middleware/request_id.rb:21:in `call'
  rack (1.5.2) lib/rack/methodoverride.rb:21:in `call'
  rack (1.5.2) lib/rack/runtime.rb:17:in `call'
  activesupport (4.1.4) lib/active_support/cache/strategy/local_cache_middleware.rb:26:in `call'
  rack (1.5.2) lib/rack/sendfile.rb:112:in `call'
  railties (4.1.4) lib/rails/engine.rb:514:in `call'
  railties (4.1.4) lib/rails/application.rb:144:in `call'
  rack (1.5.2) lib/rack/content_length.rb:14:in `call'
  puma (2.9.0) lib/puma/server.rb:490:in `handle_request'
  puma (2.9.0) lib/puma/server.rb:361:in `process_client'
  puma (2.9.0) lib/puma/server.rb:254:in `block in run'
  puma (2.9.0) lib/puma/thread_pool.rb:92:in `call'
  puma (2.9.0) lib/puma/thread_pool.rb:92:in `block in spawn_thread'


I, [2014-08-04T14:05:58.362576 #25136]  INFO -- : Started GET "/assets/application-5b47b843163902eb7853301d19fbb736.js" for 10.120.4.221 at 2014-08-04 14:05:58 +0200
F, [2014-08-04T14:05:58.363222 #25136] FATAL -- : 
ActionController::RoutingError (No route matches [GET] "/assets/application-5b47b843163902eb7853301d19fbb736.js"):
  actionpack (4.1.4) lib/action_dispatch/middleware/debug_exceptions.rb:21:in `call'
  actionpack (4.1.4) lib/action_dispatch/middleware/show_exceptions.rb:30:in `call'
  railties (4.1.4) lib/rails/rack/logger.rb:38:in `call_app'
  railties (4.1.4) lib/rails/rack/logger.rb:20:in `block in call'
  activesupport (4.1.4) lib/active_support/tagged_logging.rb:68:in `block in tagged'
  activesupport (4.1.4) lib/active_support/tagged_logging.rb:26:in `tagged'
  activesupport (4.1.4) lib/active_support/tagged_logging.rb:68:in `tagged'
  railties (4.1.4) lib/rails/rack/logger.rb:20:in `call'
  actionpack (4.1.4) lib/action_dispatch/middleware/request_id.rb:21:in `call'
  rack (1.5.2) lib/rack/methodoverride.rb:21:in `call'
  rack (1.5.2) lib/rack/runtime.rb:17:in `call'
  activesupport (4.1.4) lib/active_support/cache/strategy/local_cache_middleware.rb:26:in `call'
  rack (1.5.2) lib/rack/sendfile.rb:112:in `call'
  railties (4.1.4) lib/rails/engine.rb:514:in `call'
  railties (4.1.4) lib/rails/application.rb:144:in `call'
  rack (1.5.2) lib/rack/content_length.rb:14:in `call'
  puma (2.9.0) lib/puma/server.rb:490:in `handle_request'
  puma (2.9.0) lib/puma/server.rb:361:in `process_client'
  puma (2.9.0) lib/puma/server.rb:254:in `block in run'
  puma (2.9.0) lib/puma/thread_pool.rb:92:in `call'
  puma (2.9.0) lib/puma/thread_pool.rb:92:in `block in spawn_thread'


I, [2014-08-04T14:06:01.736394 #25136]  INFO -- : Started GET "/users/sign_in" for 10.120.4.221 at 2014-08-04 14:06:01 +0200
I, [2014-08-04T14:06:01.737336 #25136]  INFO -- : Processing by Devise::SessionsController#new as HTML
I, [2014-08-04T14:06:01.739671 #25136]  INFO -- :   Rendered devise/sessions/new.html.haml within layouts/application (1.1ms)
I, [2014-08-04T14:06:01.740279 #25136]  INFO -- : Completed 200 OK in 3ms (Views: 1.9ms | ActiveRecord: 0.0ms)
I, [2014-08-04T14:06:01.795072 #25136]  INFO -- : Started GET "/assets/application-e14e626506d80eebf2e8855af9eca35b.css" for 10.120.4.221 at 2014-08-04 14:06:01 +0200
F, [2014-08-04T14:06:01.795870 #25136] FATAL -- : 
ActionController::RoutingError (No route matches [GET] "/assets/application-e14e626506d80eebf2e8855af9eca35b.css"):
  actionpack (4.1.4) lib/action_dispatch/middleware/debug_exceptions.rb:21:in `call'
  actionpack (4.1.4) lib/action_dispatch/middleware/show_exceptions.rb:30:in `call'
  railties (4.1.4) lib/rails/rack/logger.rb:38:in `call_app'
  railties (4.1.4) lib/rails/rack/logger.rb:20:in `block in call'
  activesupport (4.1.4) lib/active_support/tagged_logging.rb:68:in `block in tagged'
  activesupport (4.1.4) lib/active_support/tagged_logging.rb:26:in `tagged'
  activesupport (4.1.4) lib/active_support/tagged_logging.rb:68:in `tagged'
  railties (4.1.4) lib/rails/rack/logger.rb:20:in `call'
  actionpack (4.1.4) lib/action_dispatch/middleware/request_id.rb:21:in `call'
  rack (1.5.2) lib/rack/methodoverride.rb:21:in `call'
  rack (1.5.2) lib/rack/runtime.rb:17:in `call'
  activesupport (4.1.4) lib/active_support/cache/strategy/local_cache_middleware.rb:26:in `call'
  rack (1.5.2) lib/rack/sendfile.rb:112:in `call'
  railties (4.1.4) lib/rails/engine.rb:514:in `call'
  railties (4.1.4) lib/rails/application.rb:144:in `call'
  rack (1.5.2) lib/rack/content_length.rb:14:in `call'
  puma (2.9.0) lib/puma/server.rb:490:in `handle_request'
  puma (2.9.0) lib/puma/server.rb:361:in `process_client'
  puma (2.9.0) lib/puma/server.rb:254:in `block in run'
  puma (2.9.0) lib/puma/thread_pool.rb:92:in `call'
  puma (2.9.0) lib/puma/thread_pool.rb:92:in `block in spawn_thread'


I, [2014-08-04T14:06:01.796407 #25136]  INFO -- : Started GET "/assets/application-5b47b843163902eb7853301d19fbb736.js" for 10.120.4.221 at 2014-08-04 14:06:01 +0200
F, [2014-08-04T14:06:01.797026 #25136] FATAL -- : 
ActionController::RoutingError (No route matches [GET] "/assets/application-5b47b843163902eb7853301d19fbb736.js"):
  actionpack (4.1.4) lib/action_dispatch/middleware/debug_exceptions.rb:21:in `call'
  actionpack (4.1.4) lib/action_dispatch/middleware/show_exceptions.rb:30:in `call'
  railties (4.1.4) lib/rails/rack/logger.rb:38:in `call_app'
  railties (4.1.4) lib/rails/rack/logger.rb:20:in `block in call'
  activesupport (4.1.4) lib/active_support/tagged_logging.rb:68:in `block in tagged'
  activesupport (4.1.4) lib/active_support/tagged_logging.rb:26:in `tagged'
  activesupport (4.1.4) lib/active_support/tagged_logging.rb:68:in `tagged'
  railties (4.1.4) lib/rails/rack/logger.rb:20:in `call'
  actionpack (4.1.4) lib/action_dispatch/middleware/request_id.rb:21:in `call'
  rack (1.5.2) lib/rack/methodoverride.rb:21:in `call'
  rack (1.5.2) lib/rack/runtime.rb:17:in `call'
  activesupport (4.1.4) lib/active_support/cache/strategy/local_cache_middleware.rb:26:in `call'
  rack (1.5.2) lib/rack/sendfile.rb:112:in `call'
  railties (4.1.4) lib/rails/engine.rb:514:in `call'
  railties (4.1.4) lib/rails/application.rb:144:in `call'
  rack (1.5.2) lib/rack/content_length.rb:14:in `call'
  puma (2.9.0) lib/puma/server.rb:490:in `handle_request'
  puma (2.9.0) lib/puma/server.rb:361:in `process_client'
  puma (2.9.0) lib/puma/server.rb:254:in `block in run'
  puma (2.9.0) lib/puma/thread_pool.rb:92:in `call'
  puma (2.9.0) lib/puma/thread_pool.rb:92:in `block in spawn_thread'


I, [2014-08-04T14:06:15.428866 #25225]  INFO -- : Started GET "/users/sign_in" for 10.120.4.221 at 2014-08-04 14:06:15 +0200
I, [2014-08-04T14:06:15.434481 #25225]  INFO -- : Processing by Devise::SessionsController#new as HTML
I, [2014-08-04T14:06:15.453564 #25225]  INFO -- :   Rendered devise/sessions/new.html.haml within layouts/application (3.8ms)
I, [2014-08-04T14:06:15.456530 #25225]  INFO -- : Completed 200 OK in 22ms (Views: 8.4ms | ActiveRecord: 0.6ms)
I, [2014-08-04T14:06:15.503303 #25225]  INFO -- : Started GET "/assets/application-e14e626506d80eebf2e8855af9eca35b.css" for 10.120.4.221 at 2014-08-04 14:06:15 +0200
F, [2014-08-04T14:06:15.504129 #25225] FATAL -- : 
ActionController::RoutingError (No route matches [GET] "/assets/application-e14e626506d80eebf2e8855af9eca35b.css"):
  actionpack (4.1.4) lib/action_dispatch/middleware/debug_exceptions.rb:21:in `call'
  actionpack (4.1.4) lib/action_dispatch/middleware/show_exceptions.rb:30:in `call'
  railties (4.1.4) lib/rails/rack/logger.rb:38:in `call_app'
  railties (4.1.4) lib/rails/rack/logger.rb:20:in `block in call'
  activesupport (4.1.4) lib/active_support/tagged_logging.rb:68:in `block in tagged'
  activesupport (4.1.4) lib/active_support/tagged_logging.rb:26:in `tagged'
  activesupport (4.1.4) lib/active_support/tagged_logging.rb:68:in `tagged'
  railties (4.1.4) lib/rails/rack/logger.rb:20:in `call'
  actionpack (4.1.4) lib/action_dispatch/middleware/request_id.rb:21:in `call'
  rack (1.5.2) lib/rack/methodoverride.rb:21:in `call'
  rack (1.5.2) lib/rack/runtime.rb:17:in `call'
  activesupport (4.1.4) lib/active_support/cache/strategy/local_cache_middleware.rb:26:in `call'
  rack (1.5.2) lib/rack/sendfile.rb:112:in `call'
  railties (4.1.4) lib/rails/engine.rb:514:in `call'
  railties (4.1.4) lib/rails/application.rb:144:in `call'
  rack (1.5.2) lib/rack/content_length.rb:14:in `call'
  puma (2.9.0) lib/puma/server.rb:490:in `handle_request'
  puma (2.9.0) lib/puma/server.rb:361:in `process_client'
  puma (2.9.0) lib/puma/server.rb:254:in `block in run'
  puma (2.9.0) lib/puma/thread_pool.rb:92:in `call'
  puma (2.9.0) lib/puma/thread_pool.rb:92:in `block in spawn_thread'


I, [2014-08-04T14:06:15.508369 #25225]  INFO -- : Started GET "/assets/application-5b47b843163902eb7853301d19fbb736.js" for 10.120.4.221 at 2014-08-04 14:06:15 +0200
F, [2014-08-04T14:06:15.509020 #25225] FATAL -- : 
ActionController::RoutingError (No route matches [GET] "/assets/application-5b47b843163902eb7853301d19fbb736.js"):
  actionpack (4.1.4) lib/action_dispatch/middleware/debug_exceptions.rb:21:in `call'
  actionpack (4.1.4) lib/action_dispatch/middleware/show_exceptions.rb:30:in `call'
  railties (4.1.4) lib/rails/rack/logger.rb:38:in `call_app'
  railties (4.1.4) lib/rails/rack/logger.rb:20:in `block in call'
  activesupport (4.1.4) lib/active_support/tagged_logging.rb:68:in `block in tagged'
  activesupport (4.1.4) lib/active_support/tagged_logging.rb:26:in `tagged'
  activesupport (4.1.4) lib/active_support/tagged_logging.rb:68:in `tagged'
  railties (4.1.4) lib/rails/rack/logger.rb:20:in `call'
  actionpack (4.1.4) lib/action_dispatch/middleware/request_id.rb:21:in `call'
  rack (1.5.2) lib/rack/methodoverride.rb:21:in `call'
  rack (1.5.2) lib/rack/runtime.rb:17:in `call'
  activesupport (4.1.4) lib/active_support/cache/strategy/local_cache_middleware.rb:26:in `call'
  rack (1.5.2) lib/rack/sendfile.rb:112:in `call'
  railties (4.1.4) lib/rails/engine.rb:514:in `call'
  railties (4.1.4) lib/rails/application.rb:144:in `call'
  rack (1.5.2) lib/rack/content_length.rb:14:in `call'
  puma (2.9.0) lib/puma/server.rb:490:in `handle_request'
  puma (2.9.0) lib/puma/server.rb:361:in `process_client'
  puma (2.9.0) lib/puma/server.rb:254:in `block in run'
  puma (2.9.0) lib/puma/thread_pool.rb:92:in `call'
  puma (2.9.0) lib/puma/thread_pool.rb:92:in `block in spawn_thread'


I, [2014-08-04T14:06:16.844060 #25225]  INFO -- : Started GET "/users/sign_in" for 10.120.4.221 at 2014-08-04 14:06:16 +0200
I, [2014-08-04T14:06:16.844942 #25225]  INFO -- : Processing by Devise::SessionsController#new as HTML
I, [2014-08-04T14:06:16.847380 #25225]  INFO -- :   Rendered devise/sessions/new.html.haml within layouts/application (1.2ms)
I, [2014-08-04T14:06:16.848078 #25225]  INFO -- : Completed 200 OK in 3ms (Views: 2.1ms | ActiveRecord: 0.0ms)
I, [2014-08-04T14:06:16.901902 #25225]  INFO -- : Started GET "/assets/application-e14e626506d80eebf2e8855af9eca35b.css" for 10.120.4.221 at 2014-08-04 14:06:16 +0200
F, [2014-08-04T14:06:16.902898 #25225] FATAL -- : 
ActionController::RoutingError (No route matches [GET] "/assets/application-e14e626506d80eebf2e8855af9eca35b.css"):
  actionpack (4.1.4) lib/action_dispatch/middleware/debug_exceptions.rb:21:in `call'
  actionpack (4.1.4) lib/action_dispatch/middleware/show_exceptions.rb:30:in `call'
  railties (4.1.4) lib/rails/rack/logger.rb:38:in `call_app'
  railties (4.1.4) lib/rails/rack/logger.rb:20:in `block in call'
  activesupport (4.1.4) lib/active_support/tagged_logging.rb:68:in `block in tagged'
  activesupport (4.1.4) lib/active_support/tagged_logging.rb:26:in `tagged'
  activesupport (4.1.4) lib/active_support/tagged_logging.rb:68:in `tagged'
  railties (4.1.4) lib/rails/rack/logger.rb:20:in `call'
  actionpack (4.1.4) lib/action_dispatch/middleware/request_id.rb:21:in `call'
  rack (1.5.2) lib/rack/methodoverride.rb:21:in `call'
  rack (1.5.2) lib/rack/runtime.rb:17:in `call'
  activesupport (4.1.4) lib/active_support/cache/strategy/local_cache_middleware.rb:26:in `call'
  rack (1.5.2) lib/rack/sendfile.rb:112:in `call'
  railties (4.1.4) lib/rails/engine.rb:514:in `call'
  railties (4.1.4) lib/rails/application.rb:144:in `call'
  rack (1.5.2) lib/rack/content_length.rb:14:in `call'
  puma (2.9.0) lib/puma/server.rb:490:in `handle_request'
  puma (2.9.0) lib/puma/server.rb:361:in `process_client'
  puma (2.9.0) lib/puma/server.rb:254:in `block in run'
  puma (2.9.0) lib/puma/thread_pool.rb:92:in `call'
  puma (2.9.0) lib/puma/thread_pool.rb:92:in `block in spawn_thread'


I, [2014-08-04T14:06:16.903128 #25225]  INFO -- : Started GET "/assets/application-5b47b843163902eb7853301d19fbb736.js" for 10.120.4.221 at 2014-08-04 14:06:16 +0200
F, [2014-08-04T14:06:16.931609 #25225] FATAL -- : 
ActionController::RoutingError (No route matches [GET] "/assets/application-5b47b843163902eb7853301d19fbb736.js"):
  actionpack (4.1.4) lib/action_dispatch/middleware/debug_exceptions.rb:21:in `call'
  actionpack (4.1.4) lib/action_dispatch/middleware/show_exceptions.rb:30:in `call'
  railties (4.1.4) lib/rails/rack/logger.rb:38:in `call_app'
  railties (4.1.4) lib/rails/rack/logger.rb:20:in `block in call'
  activesupport (4.1.4) lib/active_support/tagged_logging.rb:68:in `block in tagged'
  activesupport (4.1.4) lib/active_support/tagged_logging.rb:26:in `tagged'
  activesupport (4.1.4) lib/active_support/tagged_logging.rb:68:in `tagged'
  railties (4.1.4) lib/rails/rack/logger.rb:20:in `call'
  actionpack (4.1.4) lib/action_dispatch/middleware/request_id.rb:21:in `call'
  rack (1.5.2) lib/rack/methodoverride.rb:21:in `call'
  rack (1.5.2) lib/rack/runtime.rb:17:in `call'
  activesupport (4.1.4) lib/active_support/cache/strategy/local_cache_middleware.rb:26:in `call'
  rack (1.5.2) lib/rack/sendfile.rb:112:in `call'
  railties (4.1.4) lib/rails/engine.rb:514:in `call'
  railties (4.1.4) lib/rails/application.rb:144:in `call'
  rack (1.5.2) lib/rack/content_length.rb:14:in `call'
  puma (2.9.0) lib/puma/server.rb:490:in `handle_request'
  puma (2.9.0) lib/puma/server.rb:361:in `process_client'
  puma (2.9.0) lib/puma/server.rb:254:in `block in run'
  puma (2.9.0) lib/puma/thread_pool.rb:92:in `call'
  puma (2.9.0) lib/puma/thread_pool.rb:92:in `block in spawn_thread'


